                                      1 ;--------------------------------------------------------
                                      2 ; File Created by SDCC : free open source ANSI-C Compiler
                                      3 ; Version 4.1.0 #12072 (Linux)
                                      4 ;--------------------------------------------------------
                                      5 	.module main
                                      6 	.optsdcc -mmcs51 --model-small
                                      7 	
                                      8 ;--------------------------------------------------------
                                      9 ; Public variables in this module
                                     10 ;--------------------------------------------------------
                                     11 	.globl _main
                                     12 	.globl _Sys_Tick_Init
                                     13 	.globl _Multi_Segment_write_Digits
                                     14 	.globl _Segment_Init
                                     15 	.globl _CY
                                     16 	.globl _AC
                                     17 	.globl _F0
                                     18 	.globl _RS1
                                     19 	.globl _RS0
                                     20 	.globl _OV
                                     21 	.globl _F1
                                     22 	.globl _P
                                     23 	.globl _PS
                                     24 	.globl _PT1
                                     25 	.globl _PX1
                                     26 	.globl _PT0
                                     27 	.globl _PX0
                                     28 	.globl _RD
                                     29 	.globl _WR
                                     30 	.globl _T1
                                     31 	.globl _T0
                                     32 	.globl _INT1
                                     33 	.globl _INT0
                                     34 	.globl _TXD
                                     35 	.globl _RXD
                                     36 	.globl _P3_7
                                     37 	.globl _P3_6
                                     38 	.globl _P3_5
                                     39 	.globl _P3_4
                                     40 	.globl _P3_3
                                     41 	.globl _P3_2
                                     42 	.globl _P3_1
                                     43 	.globl _P3_0
                                     44 	.globl _EA
                                     45 	.globl _ES
                                     46 	.globl _ET1
                                     47 	.globl _EX1
                                     48 	.globl _ET0
                                     49 	.globl _EX0
                                     50 	.globl _P2_7
                                     51 	.globl _P2_6
                                     52 	.globl _P2_5
                                     53 	.globl _P2_4
                                     54 	.globl _P2_3
                                     55 	.globl _P2_2
                                     56 	.globl _P2_1
                                     57 	.globl _P2_0
                                     58 	.globl _SM0
                                     59 	.globl _SM1
                                     60 	.globl _SM2
                                     61 	.globl _REN
                                     62 	.globl _TB8
                                     63 	.globl _RB8
                                     64 	.globl _TI
                                     65 	.globl _RI
                                     66 	.globl _P1_7
                                     67 	.globl _P1_6
                                     68 	.globl _P1_5
                                     69 	.globl _P1_4
                                     70 	.globl _P1_3
                                     71 	.globl _P1_2
                                     72 	.globl _P1_1
                                     73 	.globl _P1_0
                                     74 	.globl _TF1
                                     75 	.globl _TR1
                                     76 	.globl _TF0
                                     77 	.globl _TR0
                                     78 	.globl _IE1
                                     79 	.globl _IT1
                                     80 	.globl _IE0
                                     81 	.globl _IT0
                                     82 	.globl _P0_7
                                     83 	.globl _P0_6
                                     84 	.globl _P0_5
                                     85 	.globl _P0_4
                                     86 	.globl _P0_3
                                     87 	.globl _P0_2
                                     88 	.globl _P0_1
                                     89 	.globl _P0_0
                                     90 	.globl _B
                                     91 	.globl _ACC
                                     92 	.globl _PSW
                                     93 	.globl _IP
                                     94 	.globl _P3
                                     95 	.globl _IE
                                     96 	.globl _P2
                                     97 	.globl _SBUF
                                     98 	.globl _SCON
                                     99 	.globl _P1
                                    100 	.globl _TH1
                                    101 	.globl _TH0
                                    102 	.globl _TL1
                                    103 	.globl _TL0
                                    104 	.globl _TMOD
                                    105 	.globl _TCON
                                    106 	.globl _PCON
                                    107 	.globl _DPH
                                    108 	.globl _DPL
                                    109 	.globl _SP
                                    110 	.globl _P0
                                    111 	.globl _Count_Task
                                    112 ;--------------------------------------------------------
                                    113 ; special function registers
                                    114 ;--------------------------------------------------------
                                    115 	.area RSEG    (ABS,DATA)
      000000                        116 	.org 0x0000
                           000080   117 _P0	=	0x0080
                           000081   118 _SP	=	0x0081
                           000082   119 _DPL	=	0x0082
                           000083   120 _DPH	=	0x0083
                           000087   121 _PCON	=	0x0087
                           000088   122 _TCON	=	0x0088
                           000089   123 _TMOD	=	0x0089
                           00008A   124 _TL0	=	0x008a
                           00008B   125 _TL1	=	0x008b
                           00008C   126 _TH0	=	0x008c
                           00008D   127 _TH1	=	0x008d
                           000090   128 _P1	=	0x0090
                           000098   129 _SCON	=	0x0098
                           000099   130 _SBUF	=	0x0099
                           0000A0   131 _P2	=	0x00a0
                           0000A8   132 _IE	=	0x00a8
                           0000B0   133 _P3	=	0x00b0
                           0000B8   134 _IP	=	0x00b8
                           0000D0   135 _PSW	=	0x00d0
                           0000E0   136 _ACC	=	0x00e0
                           0000F0   137 _B	=	0x00f0
                                    138 ;--------------------------------------------------------
                                    139 ; special function bits
                                    140 ;--------------------------------------------------------
                                    141 	.area RSEG    (ABS,DATA)
      000000                        142 	.org 0x0000
                           000080   143 _P0_0	=	0x0080
                           000081   144 _P0_1	=	0x0081
                           000082   145 _P0_2	=	0x0082
                           000083   146 _P0_3	=	0x0083
                           000084   147 _P0_4	=	0x0084
                           000085   148 _P0_5	=	0x0085
                           000086   149 _P0_6	=	0x0086
                           000087   150 _P0_7	=	0x0087
                           000088   151 _IT0	=	0x0088
                           000089   152 _IE0	=	0x0089
                           00008A   153 _IT1	=	0x008a
                           00008B   154 _IE1	=	0x008b
                           00008C   155 _TR0	=	0x008c
                           00008D   156 _TF0	=	0x008d
                           00008E   157 _TR1	=	0x008e
                           00008F   158 _TF1	=	0x008f
                           000090   159 _P1_0	=	0x0090
                           000091   160 _P1_1	=	0x0091
                           000092   161 _P1_2	=	0x0092
                           000093   162 _P1_3	=	0x0093
                           000094   163 _P1_4	=	0x0094
                           000095   164 _P1_5	=	0x0095
                           000096   165 _P1_6	=	0x0096
                           000097   166 _P1_7	=	0x0097
                           000098   167 _RI	=	0x0098
                           000099   168 _TI	=	0x0099
                           00009A   169 _RB8	=	0x009a
                           00009B   170 _TB8	=	0x009b
                           00009C   171 _REN	=	0x009c
                           00009D   172 _SM2	=	0x009d
                           00009E   173 _SM1	=	0x009e
                           00009F   174 _SM0	=	0x009f
                           0000A0   175 _P2_0	=	0x00a0
                           0000A1   176 _P2_1	=	0x00a1
                           0000A2   177 _P2_2	=	0x00a2
                           0000A3   178 _P2_3	=	0x00a3
                           0000A4   179 _P2_4	=	0x00a4
                           0000A5   180 _P2_5	=	0x00a5
                           0000A6   181 _P2_6	=	0x00a6
                           0000A7   182 _P2_7	=	0x00a7
                           0000A8   183 _EX0	=	0x00a8
                           0000A9   184 _ET0	=	0x00a9
                           0000AA   185 _EX1	=	0x00aa
                           0000AB   186 _ET1	=	0x00ab
                           0000AC   187 _ES	=	0x00ac
                           0000AF   188 _EA	=	0x00af
                           0000B0   189 _P3_0	=	0x00b0
                           0000B1   190 _P3_1	=	0x00b1
                           0000B2   191 _P3_2	=	0x00b2
                           0000B3   192 _P3_3	=	0x00b3
                           0000B4   193 _P3_4	=	0x00b4
                           0000B5   194 _P3_5	=	0x00b5
                           0000B6   195 _P3_6	=	0x00b6
                           0000B7   196 _P3_7	=	0x00b7
                           0000B0   197 _RXD	=	0x00b0
                           0000B1   198 _TXD	=	0x00b1
                           0000B2   199 _INT0	=	0x00b2
                           0000B3   200 _INT1	=	0x00b3
                           0000B4   201 _T0	=	0x00b4
                           0000B5   202 _T1	=	0x00b5
                           0000B6   203 _WR	=	0x00b6
                           0000B7   204 _RD	=	0x00b7
                           0000B8   205 _PX0	=	0x00b8
                           0000B9   206 _PT0	=	0x00b9
                           0000BA   207 _PX1	=	0x00ba
                           0000BB   208 _PT1	=	0x00bb
                           0000BC   209 _PS	=	0x00bc
                           0000D0   210 _P	=	0x00d0
                           0000D1   211 _F1	=	0x00d1
                           0000D2   212 _OV	=	0x00d2
                           0000D3   213 _RS0	=	0x00d3
                           0000D4   214 _RS1	=	0x00d4
                           0000D5   215 _F0	=	0x00d5
                           0000D6   216 _AC	=	0x00d6
                           0000D7   217 _CY	=	0x00d7
                                    218 ;--------------------------------------------------------
                                    219 ; overlayable register banks
                                    220 ;--------------------------------------------------------
                                    221 	.area REG_BANK_0	(REL,OVR,DATA)
      000000                        222 	.ds 8
                                    223 ;--------------------------------------------------------
                                    224 ; internal ram data
                                    225 ;--------------------------------------------------------
                                    226 	.area DSEG    (DATA)
      000000                        227 _Count_Task::
      000000                        228 	.ds 4
      000004                        229 _main_Display_65536_13:
      000004                        230 	.ds 6
                                    231 ;--------------------------------------------------------
                                    232 ; overlayable items in internal ram 
                                    233 ;--------------------------------------------------------
                                    234 ;--------------------------------------------------------
                                    235 ; Stack segment in internal ram 
                                    236 ;--------------------------------------------------------
                                    237 	.area	SSEG
      000000                        238 __start__stack:
      000000                        239 	.ds	1
                                    240 
                                    241 ;--------------------------------------------------------
                                    242 ; indirectly addressable internal ram data
                                    243 ;--------------------------------------------------------
                                    244 	.area ISEG    (DATA)
                                    245 ;--------------------------------------------------------
                                    246 ; absolute internal ram data
                                    247 ;--------------------------------------------------------
                                    248 	.area IABS    (ABS,DATA)
                                    249 	.area IABS    (ABS,DATA)
                                    250 ;--------------------------------------------------------
                                    251 ; bit data
                                    252 ;--------------------------------------------------------
                                    253 	.area BSEG    (BIT)
                                    254 ;--------------------------------------------------------
                                    255 ; paged external ram data
                                    256 ;--------------------------------------------------------
                                    257 	.area PSEG    (PAG,XDATA)
                                    258 ;--------------------------------------------------------
                                    259 ; external ram data
                                    260 ;--------------------------------------------------------
                                    261 	.area XSEG    (XDATA)
                                    262 ;--------------------------------------------------------
                                    263 ; absolute external ram data
                                    264 ;--------------------------------------------------------
                                    265 	.area XABS    (ABS,XDATA)
                                    266 ;--------------------------------------------------------
                                    267 ; external initialized ram data
                                    268 ;--------------------------------------------------------
                                    269 	.area XISEG   (XDATA)
                                    270 	.area HOME    (CODE)
                                    271 	.area GSINIT0 (CODE)
                                    272 	.area GSINIT1 (CODE)
                                    273 	.area GSINIT2 (CODE)
                                    274 	.area GSINIT3 (CODE)
                                    275 	.area GSINIT4 (CODE)
                                    276 	.area GSINIT5 (CODE)
                                    277 	.area GSINIT  (CODE)
                                    278 	.area GSFINAL (CODE)
                                    279 	.area CSEG    (CODE)
                                    280 ;--------------------------------------------------------
                                    281 ; interrupt vector 
                                    282 ;--------------------------------------------------------
                                    283 	.area HOME    (CODE)
      000000                        284 __interrupt_vect:
      000000 02r00r00         [24]  285 	ljmp	__sdcc_gsinit_startup
      000003 32               [24]  286 	reti
      000004                        287 	.ds	7
      00000B 32               [24]  288 	reti
      00000C                        289 	.ds	7
      000013 32               [24]  290 	reti
      000014                        291 	.ds	7
      00001B 02r00r00         [24]  292 	ljmp	_timer1_ISR
                                    293 ;--------------------------------------------------------
                                    294 ; global & static initialisations
                                    295 ;--------------------------------------------------------
                                    296 	.area HOME    (CODE)
                                    297 	.area GSINIT  (CODE)
                                    298 	.area GSFINAL (CODE)
                                    299 	.area GSINIT  (CODE)
                                    300 	.globl __sdcc_gsinit_startup
                                    301 	.globl __sdcc_program_startup
                                    302 	.globl __start__stack
                                    303 	.globl __mcs51_genXINIT
                                    304 	.globl __mcs51_genXRAMCLEAR
                                    305 	.globl __mcs51_genRAMCLEAR
                                    306 ;	main.c:10: unsigned long int Count_Task = 0;
      000000 E4               [12]  307 	clr	a
      000001 F5*00            [12]  308 	mov	_Count_Task,a
      000003 F5*01            [12]  309 	mov	(_Count_Task + 1),a
      000005 F5*02            [12]  310 	mov	(_Count_Task + 2),a
      000007 F5*03            [12]  311 	mov	(_Count_Task + 3),a
                                    312 	.area GSFINAL (CODE)
      000000 02r00r1E         [24]  313 	ljmp	__sdcc_program_startup
                                    314 ;--------------------------------------------------------
                                    315 ; Home
                                    316 ;--------------------------------------------------------
                                    317 	.area HOME    (CODE)
                                    318 	.area HOME    (CODE)
      00001E                        319 __sdcc_program_startup:
      00001E 02r00r00         [24]  320 	ljmp	_main
                                    321 ;	return from main will return to caller
                                    322 ;--------------------------------------------------------
                                    323 ; code
                                    324 ;--------------------------------------------------------
                                    325 	.area CSEG    (CODE)
                                    326 ;------------------------------------------------------------
                                    327 ;Allocation info for local variables in function 'main'
                                    328 ;------------------------------------------------------------
                                    329 ;count                     Allocated to registers r6 r7 
                                    330 ;Display                   Allocated with name '_main_Display_65536_13'
                                    331 ;------------------------------------------------------------
                                    332 ;	main.c:12: void main(){
                                    333 ;	-----------------------------------------
                                    334 ;	 function main
                                    335 ;	-----------------------------------------
      000000                        336 _main:
                           000007   337 	ar7 = 0x07
                           000006   338 	ar6 = 0x06
                           000005   339 	ar5 = 0x05
                           000004   340 	ar4 = 0x04
                           000003   341 	ar3 = 0x03
                           000002   342 	ar2 = 0x02
                           000001   343 	ar1 = 0x01
                           000000   344 	ar0 = 0x00
                                    345 ;	main.c:13: int count = 0;
      000000 7E 00            [12]  346 	mov	r6,#0x00
      000002 7F 00            [12]  347 	mov	r7,#0x00
                                    348 ;	main.c:14: Seg_config_t Display = {
                                    349 ;	1-genFromRTrack replaced	mov	_main_Display_65536_13,#0x00
      000004 8F*04            [24]  350 	mov	_main_Display_65536_13,r7
      000006 75*05 01         [24]  351 	mov	(_main_Display_65536_13 + 0x0001),#0x01
      000009 75*06 07         [24]  352 	mov	(_main_Display_65536_13 + 0x0002),#0x07
      00000C 75*07 06         [24]  353 	mov	(_main_Display_65536_13 + 0x0003),#0x06
      00000F 75*08 05         [24]  354 	mov	(_main_Display_65536_13 + 0x0004),#0x05
      000012 75*09 04         [24]  355 	mov	(_main_Display_65536_13 + 0x0005),#0x04
                                    356 ;	main.c:20: Segment_Init(&Display);
      000015 90r00r04         [24]  357 	mov	dptr,#_main_Display_65536_13
      000018 75 F0 40         [24]  358 	mov	b,#0x40
      00001B C0 07            [24]  359 	push	ar7
      00001D C0 06            [24]  360 	push	ar6
      00001F 12r00r00         [24]  361 	lcall	_Segment_Init
                                    362 ;	main.c:21: Sys_Tick_Init();
      000022 12r00r00         [24]  363 	lcall	_Sys_Tick_Init
      000025 D0 06            [24]  364 	pop	ar6
      000027 D0 07            [24]  365 	pop	ar7
                                    366 ;	main.c:22: while (1)
      000029                        367 00106$:
                                    368 ;	main.c:24: if((sys_tick_ms - Count_Task) >= Count_speed){
      000029 E5*00            [12]  369 	mov	a,_sys_tick_ms
      00002B C3               [12]  370 	clr	c
      00002C 95*00            [12]  371 	subb	a,_Count_Task
      00002E FA               [12]  372 	mov	r2,a
      00002F E5*01            [12]  373 	mov	a,(_sys_tick_ms + 1)
      000031 95*01            [12]  374 	subb	a,(_Count_Task + 1)
      000033 FB               [12]  375 	mov	r3,a
      000034 E5*02            [12]  376 	mov	a,(_sys_tick_ms + 2)
      000036 95*02            [12]  377 	subb	a,(_Count_Task + 2)
      000038 FC               [12]  378 	mov	r4,a
      000039 E5*03            [12]  379 	mov	a,(_sys_tick_ms + 3)
      00003B 95*03            [12]  380 	subb	a,(_Count_Task + 3)
      00003D FD               [12]  381 	mov	r5,a
      00003E C3               [12]  382 	clr	c
      00003F EA               [12]  383 	mov	a,r2
      000040 94 0A            [12]  384 	subb	a,#0x0a
      000042 EB               [12]  385 	mov	a,r3
      000043 94 00            [12]  386 	subb	a,#0x00
      000045 EC               [12]  387 	mov	a,r4
      000046 94 00            [12]  388 	subb	a,#0x00
      000048 ED               [12]  389 	mov	a,r5
      000049 94 00            [12]  390 	subb	a,#0x00
      00004B 40 1B            [24]  391 	jc	00104$
                                    392 ;	main.c:25: if(count == 9999){
      00004D BE 0F 07         [24]  393 	cjne	r6,#0x0f,00102$
      000050 BF 27 04         [24]  394 	cjne	r7,#0x27,00102$
                                    395 ;	main.c:26: count = 0;
      000053 7E 00            [12]  396 	mov	r6,#0x00
      000055 7F 00            [12]  397 	mov	r7,#0x00
      000057                        398 00102$:
                                    399 ;	main.c:28: count++;
      000057 0E               [12]  400 	inc	r6
      000058 BE 00 01         [24]  401 	cjne	r6,#0x00,00125$
      00005B 0F               [12]  402 	inc	r7
      00005C                        403 00125$:
                                    404 ;	main.c:29: Count_Task = sys_tick_ms;
      00005C 85*00*00         [24]  405 	mov	_Count_Task,_sys_tick_ms
      00005F 85*01*01         [24]  406 	mov	(_Count_Task + 1),(_sys_tick_ms + 1)
      000062 85*02*02         [24]  407 	mov	(_Count_Task + 2),(_sys_tick_ms + 2)
      000065 85*03*03         [24]  408 	mov	(_Count_Task + 3),(_sys_tick_ms + 3)
      000068                        409 00104$:
                                    410 ;	main.c:31: Multi_Segment_write_Digits(&Display, count);
      000068 8E*00            [24]  411 	mov	_Multi_Segment_write_Digits_PARM_2,r6
      00006A 8F*01            [24]  412 	mov	(_Multi_Segment_write_Digits_PARM_2 + 1),r7
      00006C 90r00r04         [24]  413 	mov	dptr,#_main_Display_65536_13
      00006F 75 F0 40         [24]  414 	mov	b,#0x40
      000072 C0 07            [24]  415 	push	ar7
      000074 C0 06            [24]  416 	push	ar6
      000076 12r00r00         [24]  417 	lcall	_Multi_Segment_write_Digits
      000079 D0 06            [24]  418 	pop	ar6
      00007B D0 07            [24]  419 	pop	ar7
                                    420 ;	main.c:35: }
      00007D 80 AA            [24]  421 	sjmp	00106$
                                    422 	.area CSEG    (CODE)
                                    423 	.area CONST   (CODE)
                                    424 	.area XINIT   (CODE)
                                    425 	.area CABS    (ABS,CODE)
