                                      1 ;--------------------------------------------------------
                                      2 ; File Created by SDCC : free open source ANSI-C Compiler
                                      3 ; Version 4.1.0 #12072 (Linux)
                                      4 ;--------------------------------------------------------
                                      5 	.module Delay
                                      6 	.optsdcc -mmcs51 --model-small
                                      7 	
                                      8 ;--------------------------------------------------------
                                      9 ; Public variables in this module
                                     10 ;--------------------------------------------------------
                                     11 	.globl _delay_ms
                                     12 ;--------------------------------------------------------
                                     13 ; special function registers
                                     14 ;--------------------------------------------------------
                                     15 	.area RSEG    (ABS,DATA)
      000000                         16 	.org 0x0000
                                     17 ;--------------------------------------------------------
                                     18 ; special function bits
                                     19 ;--------------------------------------------------------
                                     20 	.area RSEG    (ABS,DATA)
      000000                         21 	.org 0x0000
                                     22 ;--------------------------------------------------------
                                     23 ; overlayable register banks
                                     24 ;--------------------------------------------------------
                                     25 	.area REG_BANK_0	(REL,OVR,DATA)
      000000                         26 	.ds 8
                                     27 ;--------------------------------------------------------
                                     28 ; internal ram data
                                     29 ;--------------------------------------------------------
                                     30 	.area DSEG    (DATA)
                                     31 ;--------------------------------------------------------
                                     32 ; overlayable items in internal ram 
                                     33 ;--------------------------------------------------------
                                     34 	.area	OSEG    (OVR,DATA)
                                     35 ;--------------------------------------------------------
                                     36 ; indirectly addressable internal ram data
                                     37 ;--------------------------------------------------------
                                     38 	.area ISEG    (DATA)
                                     39 ;--------------------------------------------------------
                                     40 ; absolute internal ram data
                                     41 ;--------------------------------------------------------
                                     42 	.area IABS    (ABS,DATA)
                                     43 	.area IABS    (ABS,DATA)
                                     44 ;--------------------------------------------------------
                                     45 ; bit data
                                     46 ;--------------------------------------------------------
                                     47 	.area BSEG    (BIT)
                                     48 ;--------------------------------------------------------
                                     49 ; paged external ram data
                                     50 ;--------------------------------------------------------
                                     51 	.area PSEG    (PAG,XDATA)
                                     52 ;--------------------------------------------------------
                                     53 ; external ram data
                                     54 ;--------------------------------------------------------
                                     55 	.area XSEG    (XDATA)
                                     56 ;--------------------------------------------------------
                                     57 ; absolute external ram data
                                     58 ;--------------------------------------------------------
                                     59 	.area XABS    (ABS,XDATA)
                                     60 ;--------------------------------------------------------
                                     61 ; external initialized ram data
                                     62 ;--------------------------------------------------------
                                     63 	.area XISEG   (XDATA)
                                     64 	.area HOME    (CODE)
                                     65 	.area GSINIT0 (CODE)
                                     66 	.area GSINIT1 (CODE)
                                     67 	.area GSINIT2 (CODE)
                                     68 	.area GSINIT3 (CODE)
                                     69 	.area GSINIT4 (CODE)
                                     70 	.area GSINIT5 (CODE)
                                     71 	.area GSINIT  (CODE)
                                     72 	.area GSFINAL (CODE)
                                     73 	.area CSEG    (CODE)
                                     74 ;--------------------------------------------------------
                                     75 ; global & static initialisations
                                     76 ;--------------------------------------------------------
                                     77 	.area HOME    (CODE)
                                     78 	.area GSINIT  (CODE)
                                     79 	.area GSFINAL (CODE)
                                     80 	.area GSINIT  (CODE)
                                     81 ;--------------------------------------------------------
                                     82 ; Home
                                     83 ;--------------------------------------------------------
                                     84 	.area HOME    (CODE)
                                     85 	.area HOME    (CODE)
                                     86 ;--------------------------------------------------------
                                     87 ; code
                                     88 ;--------------------------------------------------------
                                     89 	.area CSEG    (CODE)
                                     90 ;------------------------------------------------------------
                                     91 ;Allocation info for local variables in function 'delay_ms'
                                     92 ;------------------------------------------------------------
                                     93 ;ms                        Allocated to registers 
                                     94 ;i                         Allocated to registers r4 r5 
                                     95 ;j                         Allocated to registers r2 r3 
                                     96 ;------------------------------------------------------------
                                     97 ;	/home/aman/Desktop/8051_env/blinky/include/HAL/Delay.c:4: void delay_ms(unsigned int ms) {
                                     98 ;	-----------------------------------------
                                     99 ;	 function delay_ms
                                    100 ;	-----------------------------------------
      000000                        101 _delay_ms:
                           000007   102 	ar7 = 0x07
                           000006   103 	ar6 = 0x06
                           000005   104 	ar5 = 0x05
                           000004   105 	ar4 = 0x04
                           000003   106 	ar3 = 0x03
                           000002   107 	ar2 = 0x02
                           000001   108 	ar1 = 0x01
                           000000   109 	ar0 = 0x00
      000000 AE 82            [24]  110 	mov	r6,dpl
      000002 AF 83            [24]  111 	mov	r7,dph
                                    112 ;	/home/aman/Desktop/8051_env/blinky/include/HAL/Delay.c:5: while (ms--)
      000004                        113 00103$:
      000004 8E 04            [24]  114 	mov	ar4,r6
      000006 8F 05            [24]  115 	mov	ar5,r7
      000008 1E               [12]  116 	dec	r6
      000009 BE FF 01         [24]  117 	cjne	r6,#0xff,00140$
      00000C 1F               [12]  118 	dec	r7
      00000D                        119 00140$:
      00000D EC               [12]  120 	mov	a,r4
      00000E 4D               [12]  121 	orl	a,r5
      00000F 60 21            [24]  122 	jz	00111$
                                    123 ;	/home/aman/Desktop/8051_env/blinky/include/HAL/Delay.c:8: for(i = 0; i < 1; i++){
      000011 7C 00            [12]  124 	mov	r4,#0x00
      000013 7D 00            [12]  125 	mov	r5,#0x00
                                    126 ;	/home/aman/Desktop/8051_env/blinky/include/HAL/Delay.c:9: for(j = 0; j < 1275; j++);
      000015                        127 00114$:
      000015 7A FB            [12]  128 	mov	r2,#0xfb
      000017 7B 04            [12]  129 	mov	r3,#0x04
      000019                        130 00108$:
      000019 1A               [12]  131 	dec	r2
      00001A BA FF 01         [24]  132 	cjne	r2,#0xff,00142$
      00001D 1B               [12]  133 	dec	r3
      00001E                        134 00142$:
      00001E EA               [12]  135 	mov	a,r2
      00001F 4B               [12]  136 	orl	a,r3
      000020 70 F7            [24]  137 	jnz	00108$
                                    138 ;	/home/aman/Desktop/8051_env/blinky/include/HAL/Delay.c:8: for(i = 0; i < 1; i++){
      000022 0C               [12]  139 	inc	r4
      000023 BC 00 01         [24]  140 	cjne	r4,#0x00,00144$
      000026 0D               [12]  141 	inc	r5
      000027                        142 00144$:
      000027 C3               [12]  143 	clr	c
      000028 EC               [12]  144 	mov	a,r4
      000029 94 01            [12]  145 	subb	a,#0x01
      00002B ED               [12]  146 	mov	a,r5
      00002C 94 00            [12]  147 	subb	a,#0x00
      00002E 40 E5            [24]  148 	jc	00114$
      000030 80 D2            [24]  149 	sjmp	00103$
      000032                        150 00111$:
                                    151 ;	/home/aman/Desktop/8051_env/blinky/include/HAL/Delay.c:12: }
      000032 22               [24]  152 	ret
                                    153 	.area CSEG    (CODE)
                                    154 	.area CONST   (CODE)
                                    155 	.area XINIT   (CODE)
                                    156 	.area CABS    (ABS,CODE)
