                                      1 ;--------------------------------------------------------
                                      2 ; File Created by SDCC : free open source ANSI-C Compiler
                                      3 ; Version 4.1.0 #12072 (Linux)
                                      4 ;--------------------------------------------------------
                                      5 	.module LCD16X2
                                      6 	.optsdcc -mmcs51 --model-small
                                      7 	
                                      8 ;--------------------------------------------------------
                                      9 ; Public variables in this module
                                     10 ;--------------------------------------------------------
                                     11 	.globl _delay_ms
                                     12 	.globl _GPIO_PORT_Write
                                     13 	.globl _GPIO_Write
                                     14 	.globl _LCD_Write_Str_PARM_2
                                     15 	.globl _Send_Data_PARM_2
                                     16 	.globl _Send_Command_PARM_2
                                     17 	.globl _Send_Command
                                     18 	.globl _Send_Data
                                     19 	.globl _LCD_Write_Str
                                     20 	.globl _LCD_Init
                                     21 ;--------------------------------------------------------
                                     22 ; special function registers
                                     23 ;--------------------------------------------------------
                                     24 	.area RSEG    (ABS,DATA)
      000000                         25 	.org 0x0000
                                     26 ;--------------------------------------------------------
                                     27 ; special function bits
                                     28 ;--------------------------------------------------------
                                     29 	.area RSEG    (ABS,DATA)
      000000                         30 	.org 0x0000
                                     31 ;--------------------------------------------------------
                                     32 ; overlayable register banks
                                     33 ;--------------------------------------------------------
                                     34 	.area REG_BANK_0	(REL,OVR,DATA)
      000000                         35 	.ds 8
                                     36 ;--------------------------------------------------------
                                     37 ; internal ram data
                                     38 ;--------------------------------------------------------
                                     39 	.area DSEG    (DATA)
      000000                         40 _LCD_Data_io:
      000000                         41 	.ds 3
      000003                         42 _Send_Command_PARM_2:
      000003                         43 	.ds 1
      000004                         44 _Send_Command_config_65536_11:
      000004                         45 	.ds 3
      000007                         46 _Send_Data_PARM_2:
      000007                         47 	.ds 1
      000008                         48 _Send_Data_config_65536_13:
      000008                         49 	.ds 3
      00000B                         50 _LCD_Write_Str_PARM_2:
      00000B                         51 	.ds 3
                                     52 ;--------------------------------------------------------
                                     53 ; overlayable items in internal ram 
                                     54 ;--------------------------------------------------------
                                     55 ;--------------------------------------------------------
                                     56 ; indirectly addressable internal ram data
                                     57 ;--------------------------------------------------------
                                     58 	.area ISEG    (DATA)
                                     59 ;--------------------------------------------------------
                                     60 ; absolute internal ram data
                                     61 ;--------------------------------------------------------
                                     62 	.area IABS    (ABS,DATA)
                                     63 	.area IABS    (ABS,DATA)
                                     64 ;--------------------------------------------------------
                                     65 ; bit data
                                     66 ;--------------------------------------------------------
                                     67 	.area BSEG    (BIT)
                                     68 ;--------------------------------------------------------
                                     69 ; paged external ram data
                                     70 ;--------------------------------------------------------
                                     71 	.area PSEG    (PAG,XDATA)
                                     72 ;--------------------------------------------------------
                                     73 ; external ram data
                                     74 ;--------------------------------------------------------
                                     75 	.area XSEG    (XDATA)
                                     76 ;--------------------------------------------------------
                                     77 ; absolute external ram data
                                     78 ;--------------------------------------------------------
                                     79 	.area XABS    (ABS,XDATA)
                                     80 ;--------------------------------------------------------
                                     81 ; external initialized ram data
                                     82 ;--------------------------------------------------------
                                     83 	.area XISEG   (XDATA)
                                     84 	.area HOME    (CODE)
                                     85 	.area GSINIT0 (CODE)
                                     86 	.area GSINIT1 (CODE)
                                     87 	.area GSINIT2 (CODE)
                                     88 	.area GSINIT3 (CODE)
                                     89 	.area GSINIT4 (CODE)
                                     90 	.area GSINIT5 (CODE)
                                     91 	.area GSINIT  (CODE)
                                     92 	.area GSFINAL (CODE)
                                     93 	.area CSEG    (CODE)
                                     94 ;--------------------------------------------------------
                                     95 ; global & static initialisations
                                     96 ;--------------------------------------------------------
                                     97 	.area HOME    (CODE)
                                     98 	.area GSINIT  (CODE)
                                     99 	.area GSFINAL (CODE)
                                    100 	.area GSINIT  (CODE)
                                    101 ;--------------------------------------------------------
                                    102 ; Home
                                    103 ;--------------------------------------------------------
                                    104 	.area HOME    (CODE)
                                    105 	.area HOME    (CODE)
                                    106 ;--------------------------------------------------------
                                    107 ; code
                                    108 ;--------------------------------------------------------
                                    109 	.area CSEG    (CODE)
                                    110 ;------------------------------------------------------------
                                    111 ;Allocation info for local variables in function 'Send_Command'
                                    112 ;------------------------------------------------------------
                                    113 ;command                   Allocated with name '_Send_Command_PARM_2'
                                    114 ;config                    Allocated with name '_Send_Command_config_65536_11'
                                    115 ;------------------------------------------------------------
                                    116 ;	../HAL/LCD16X2.c:10: void Send_Command(LCD_Config_t *config, unsigned char command){
                                    117 ;	-----------------------------------------
                                    118 ;	 function Send_Command
                                    119 ;	-----------------------------------------
      000000                        120 _Send_Command:
                           000007   121 	ar7 = 0x07
                           000006   122 	ar6 = 0x06
                           000005   123 	ar5 = 0x05
                           000004   124 	ar4 = 0x04
                           000003   125 	ar3 = 0x03
                           000002   126 	ar2 = 0x02
                           000001   127 	ar1 = 0x01
                           000000   128 	ar0 = 0x00
      000000 85 82*04         [24]  129 	mov	_Send_Command_config_65536_11,dpl
      000003 85 83*05         [24]  130 	mov	(_Send_Command_config_65536_11 + 1),dph
      000006 85 F0*06         [24]  131 	mov	(_Send_Command_config_65536_11 + 2),b
                                    132 ;	../HAL/LCD16X2.c:11: LCD_Data_io.Port = config->Command_Port;
      000009 74 01            [12]  133 	mov	a,#0x01
      00000B 25*04            [12]  134 	add	a,_Send_Command_config_65536_11
      00000D FA               [12]  135 	mov	r2,a
      00000E E4               [12]  136 	clr	a
      00000F 35*05            [12]  137 	addc	a,(_Send_Command_config_65536_11 + 1)
      000011 FB               [12]  138 	mov	r3,a
      000012 AC*06            [24]  139 	mov	r4,(_Send_Command_config_65536_11 + 2)
      000014 8A 82            [24]  140 	mov	dpl,r2
      000016 8B 83            [24]  141 	mov	dph,r3
      000018 8C F0            [24]  142 	mov	b,r4
      00001A 12r00r00         [24]  143 	lcall	__gptrget
      00001D FF               [12]  144 	mov	r7,a
      00001E 8F*00            [24]  145 	mov	_LCD_Data_io,r7
                                    146 ;	../HAL/LCD16X2.c:12: LCD_Data_io.Pin = config->RS; 
      000020 74 03            [12]  147 	mov	a,#0x03
      000022 25*04            [12]  148 	add	a,_Send_Command_config_65536_11
      000024 FD               [12]  149 	mov	r5,a
      000025 E4               [12]  150 	clr	a
      000026 35*05            [12]  151 	addc	a,(_Send_Command_config_65536_11 + 1)
      000028 FE               [12]  152 	mov	r6,a
      000029 AF*06            [24]  153 	mov	r7,(_Send_Command_config_65536_11 + 2)
      00002B 8D 82            [24]  154 	mov	dpl,r5
      00002D 8E 83            [24]  155 	mov	dph,r6
      00002F 8F F0            [24]  156 	mov	b,r7
      000031 12r00r00         [24]  157 	lcall	__gptrget
      000034 FD               [12]  158 	mov	r5,a
      000035 8D*01            [24]  159 	mov	(_LCD_Data_io + 0x0001),r5
                                    160 ;	../HAL/LCD16X2.c:13: GPIO_Write(&LCD_Data_io, GPIO_LOW);
      000037 75*00 00         [24]  161 	mov	_GPIO_Write_PARM_2,#0x00
      00003A 90r00r00         [24]  162 	mov	dptr,#_LCD_Data_io
      00003D 75 F0 40         [24]  163 	mov	b,#0x40
      000040 C0 04            [24]  164 	push	ar4
      000042 C0 03            [24]  165 	push	ar3
      000044 C0 02            [24]  166 	push	ar2
      000046 12r00r00         [24]  167 	lcall	_GPIO_Write
                                    168 ;	../HAL/LCD16X2.c:14: LCD_Data_io.Pin = config->RW; 
      000049 74 02            [12]  169 	mov	a,#0x02
      00004B 25*04            [12]  170 	add	a,_Send_Command_config_65536_11
      00004D FD               [12]  171 	mov	r5,a
      00004E E4               [12]  172 	clr	a
      00004F 35*05            [12]  173 	addc	a,(_Send_Command_config_65536_11 + 1)
      000051 FE               [12]  174 	mov	r6,a
      000052 AF*06            [24]  175 	mov	r7,(_Send_Command_config_65536_11 + 2)
      000054 8D 82            [24]  176 	mov	dpl,r5
      000056 8E 83            [24]  177 	mov	dph,r6
      000058 8F F0            [24]  178 	mov	b,r7
      00005A 12r00r00         [24]  179 	lcall	__gptrget
      00005D FD               [12]  180 	mov	r5,a
      00005E 8D*01            [24]  181 	mov	(_LCD_Data_io + 0x0001),r5
                                    182 ;	../HAL/LCD16X2.c:15: GPIO_Write(&LCD_Data_io, GPIO_LOW);
      000060 75*00 00         [24]  183 	mov	_GPIO_Write_PARM_2,#0x00
      000063 90r00r00         [24]  184 	mov	dptr,#_LCD_Data_io
      000066 75 F0 40         [24]  185 	mov	b,#0x40
      000069 12r00r00         [24]  186 	lcall	_GPIO_Write
                                    187 ;	../HAL/LCD16X2.c:17: LCD_Data_io.Port = config->Data_Port;
      00006C 85*04 82         [24]  188 	mov	dpl,_Send_Command_config_65536_11
      00006F 85*05 83         [24]  189 	mov	dph,(_Send_Command_config_65536_11 + 1)
      000072 85*06 F0         [24]  190 	mov	b,(_Send_Command_config_65536_11 + 2)
      000075 12r00r00         [24]  191 	lcall	__gptrget
      000078 FF               [12]  192 	mov	r7,a
      000079 8F*00            [24]  193 	mov	_LCD_Data_io,r7
                                    194 ;	../HAL/LCD16X2.c:18: GPIO_PORT_Write(&LCD_Data_io, command);
      00007B 85*03*00         [24]  195 	mov	_GPIO_PORT_Write_PARM_2,_Send_Command_PARM_2
      00007E 90r00r00         [24]  196 	mov	dptr,#_LCD_Data_io
      000081 75 F0 40         [24]  197 	mov	b,#0x40
      000084 12r00r00         [24]  198 	lcall	_GPIO_PORT_Write
      000087 D0 02            [24]  199 	pop	ar2
      000089 D0 03            [24]  200 	pop	ar3
      00008B D0 04            [24]  201 	pop	ar4
                                    202 ;	../HAL/LCD16X2.c:21: LCD_Data_io.Pin = config->EN; 
      00008D 74 04            [12]  203 	mov	a,#0x04
      00008F 25*04            [12]  204 	add	a,_Send_Command_config_65536_11
      000091 FD               [12]  205 	mov	r5,a
      000092 E4               [12]  206 	clr	a
      000093 35*05            [12]  207 	addc	a,(_Send_Command_config_65536_11 + 1)
      000095 FE               [12]  208 	mov	r6,a
      000096 AF*06            [24]  209 	mov	r7,(_Send_Command_config_65536_11 + 2)
      000098 8D 82            [24]  210 	mov	dpl,r5
      00009A 8E 83            [24]  211 	mov	dph,r6
      00009C 8F F0            [24]  212 	mov	b,r7
      00009E 12r00r00         [24]  213 	lcall	__gptrget
      0000A1 FD               [12]  214 	mov	r5,a
      0000A2 8D*01            [24]  215 	mov	(_LCD_Data_io + 0x0001),r5
                                    216 ;	../HAL/LCD16X2.c:22: LCD_Data_io.Port = config->Command_Port;
      0000A4 8A 82            [24]  217 	mov	dpl,r2
      0000A6 8B 83            [24]  218 	mov	dph,r3
      0000A8 8C F0            [24]  219 	mov	b,r4
      0000AA 12r00r00         [24]  220 	lcall	__gptrget
      0000AD FA               [12]  221 	mov	r2,a
      0000AE 8A*00            [24]  222 	mov	_LCD_Data_io,r2
                                    223 ;	../HAL/LCD16X2.c:24: GPIO_Write(&LCD_Data_io, GPIO_HIGH);
      0000B0 75*00 01         [24]  224 	mov	_GPIO_Write_PARM_2,#0x01
      0000B3 90r00r00         [24]  225 	mov	dptr,#_LCD_Data_io
      0000B6 75 F0 40         [24]  226 	mov	b,#0x40
      0000B9 12r00r00         [24]  227 	lcall	_GPIO_Write
                                    228 ;	../HAL/LCD16X2.c:25: delay_ms(1);
      0000BC 90 00 01         [24]  229 	mov	dptr,#0x0001
      0000BF 12r00r00         [24]  230 	lcall	_delay_ms
                                    231 ;	../HAL/LCD16X2.c:26: GPIO_Write(&LCD_Data_io, GPIO_LOW);
      0000C2 75*00 00         [24]  232 	mov	_GPIO_Write_PARM_2,#0x00
      0000C5 90r00r00         [24]  233 	mov	dptr,#_LCD_Data_io
      0000C8 75 F0 40         [24]  234 	mov	b,#0x40
                                    235 ;	../HAL/LCD16X2.c:27: }
      0000CB 02r00r00         [24]  236 	ljmp	_GPIO_Write
                                    237 ;------------------------------------------------------------
                                    238 ;Allocation info for local variables in function 'Send_Data'
                                    239 ;------------------------------------------------------------
                                    240 ;command                   Allocated with name '_Send_Data_PARM_2'
                                    241 ;config                    Allocated with name '_Send_Data_config_65536_13'
                                    242 ;------------------------------------------------------------
                                    243 ;	../HAL/LCD16X2.c:29: void Send_Data(LCD_Config_t *config, unsigned char command){
                                    244 ;	-----------------------------------------
                                    245 ;	 function Send_Data
                                    246 ;	-----------------------------------------
      0000CE                        247 _Send_Data:
      0000CE 85 82*08         [24]  248 	mov	_Send_Data_config_65536_13,dpl
      0000D1 85 83*09         [24]  249 	mov	(_Send_Data_config_65536_13 + 1),dph
      0000D4 85 F0*0A         [24]  250 	mov	(_Send_Data_config_65536_13 + 2),b
                                    251 ;	../HAL/LCD16X2.c:30: LCD_Data_io.Port = config->Command_Port;
      0000D7 74 01            [12]  252 	mov	a,#0x01
      0000D9 25*08            [12]  253 	add	a,_Send_Data_config_65536_13
      0000DB FA               [12]  254 	mov	r2,a
      0000DC E4               [12]  255 	clr	a
      0000DD 35*09            [12]  256 	addc	a,(_Send_Data_config_65536_13 + 1)
      0000DF FB               [12]  257 	mov	r3,a
      0000E0 AC*0A            [24]  258 	mov	r4,(_Send_Data_config_65536_13 + 2)
      0000E2 8A 82            [24]  259 	mov	dpl,r2
      0000E4 8B 83            [24]  260 	mov	dph,r3
      0000E6 8C F0            [24]  261 	mov	b,r4
      0000E8 12r00r00         [24]  262 	lcall	__gptrget
      0000EB FF               [12]  263 	mov	r7,a
      0000EC 8F*00            [24]  264 	mov	_LCD_Data_io,r7
                                    265 ;	../HAL/LCD16X2.c:31: LCD_Data_io.Pin = config->RS; 
      0000EE 74 03            [12]  266 	mov	a,#0x03
      0000F0 25*08            [12]  267 	add	a,_Send_Data_config_65536_13
      0000F2 FD               [12]  268 	mov	r5,a
      0000F3 E4               [12]  269 	clr	a
      0000F4 35*09            [12]  270 	addc	a,(_Send_Data_config_65536_13 + 1)
      0000F6 FE               [12]  271 	mov	r6,a
      0000F7 AF*0A            [24]  272 	mov	r7,(_Send_Data_config_65536_13 + 2)
      0000F9 8D 82            [24]  273 	mov	dpl,r5
      0000FB 8E 83            [24]  274 	mov	dph,r6
      0000FD 8F F0            [24]  275 	mov	b,r7
      0000FF 12r00r00         [24]  276 	lcall	__gptrget
      000102 FD               [12]  277 	mov	r5,a
      000103 8D*01            [24]  278 	mov	(_LCD_Data_io + 0x0001),r5
                                    279 ;	../HAL/LCD16X2.c:32: GPIO_Write(&LCD_Data_io, GPIO_HIGH);
      000105 75*00 01         [24]  280 	mov	_GPIO_Write_PARM_2,#0x01
      000108 90r00r00         [24]  281 	mov	dptr,#_LCD_Data_io
      00010B 75 F0 40         [24]  282 	mov	b,#0x40
      00010E C0 04            [24]  283 	push	ar4
      000110 C0 03            [24]  284 	push	ar3
      000112 C0 02            [24]  285 	push	ar2
      000114 12r00r00         [24]  286 	lcall	_GPIO_Write
                                    287 ;	../HAL/LCD16X2.c:33: LCD_Data_io.Pin = config->RW; 
      000117 74 02            [12]  288 	mov	a,#0x02
      000119 25*08            [12]  289 	add	a,_Send_Data_config_65536_13
      00011B FD               [12]  290 	mov	r5,a
      00011C E4               [12]  291 	clr	a
      00011D 35*09            [12]  292 	addc	a,(_Send_Data_config_65536_13 + 1)
      00011F FE               [12]  293 	mov	r6,a
      000120 AF*0A            [24]  294 	mov	r7,(_Send_Data_config_65536_13 + 2)
      000122 8D 82            [24]  295 	mov	dpl,r5
      000124 8E 83            [24]  296 	mov	dph,r6
      000126 8F F0            [24]  297 	mov	b,r7
      000128 12r00r00         [24]  298 	lcall	__gptrget
      00012B FD               [12]  299 	mov	r5,a
      00012C 8D*01            [24]  300 	mov	(_LCD_Data_io + 0x0001),r5
                                    301 ;	../HAL/LCD16X2.c:34: GPIO_Write(&LCD_Data_io, GPIO_LOW);
      00012E 75*00 00         [24]  302 	mov	_GPIO_Write_PARM_2,#0x00
      000131 90r00r00         [24]  303 	mov	dptr,#_LCD_Data_io
      000134 75 F0 40         [24]  304 	mov	b,#0x40
      000137 12r00r00         [24]  305 	lcall	_GPIO_Write
                                    306 ;	../HAL/LCD16X2.c:36: LCD_Data_io.Port = config->Data_Port;
      00013A 85*08 82         [24]  307 	mov	dpl,_Send_Data_config_65536_13
      00013D 85*09 83         [24]  308 	mov	dph,(_Send_Data_config_65536_13 + 1)
      000140 85*0A F0         [24]  309 	mov	b,(_Send_Data_config_65536_13 + 2)
      000143 12r00r00         [24]  310 	lcall	__gptrget
      000146 FF               [12]  311 	mov	r7,a
      000147 8F*00            [24]  312 	mov	_LCD_Data_io,r7
                                    313 ;	../HAL/LCD16X2.c:37: GPIO_PORT_Write(&LCD_Data_io, command);
      000149 85*07*00         [24]  314 	mov	_GPIO_PORT_Write_PARM_2,_Send_Data_PARM_2
      00014C 90r00r00         [24]  315 	mov	dptr,#_LCD_Data_io
      00014F 75 F0 40         [24]  316 	mov	b,#0x40
      000152 12r00r00         [24]  317 	lcall	_GPIO_PORT_Write
      000155 D0 02            [24]  318 	pop	ar2
      000157 D0 03            [24]  319 	pop	ar3
      000159 D0 04            [24]  320 	pop	ar4
                                    321 ;	../HAL/LCD16X2.c:40: LCD_Data_io.Pin = config->EN; 
      00015B 74 04            [12]  322 	mov	a,#0x04
      00015D 25*08            [12]  323 	add	a,_Send_Data_config_65536_13
      00015F FD               [12]  324 	mov	r5,a
      000160 E4               [12]  325 	clr	a
      000161 35*09            [12]  326 	addc	a,(_Send_Data_config_65536_13 + 1)
      000163 FE               [12]  327 	mov	r6,a
      000164 AF*0A            [24]  328 	mov	r7,(_Send_Data_config_65536_13 + 2)
      000166 8D 82            [24]  329 	mov	dpl,r5
      000168 8E 83            [24]  330 	mov	dph,r6
      00016A 8F F0            [24]  331 	mov	b,r7
      00016C 12r00r00         [24]  332 	lcall	__gptrget
      00016F FD               [12]  333 	mov	r5,a
      000170 8D*01            [24]  334 	mov	(_LCD_Data_io + 0x0001),r5
                                    335 ;	../HAL/LCD16X2.c:41: LCD_Data_io.Port = config->Command_Port;
      000172 8A 82            [24]  336 	mov	dpl,r2
      000174 8B 83            [24]  337 	mov	dph,r3
      000176 8C F0            [24]  338 	mov	b,r4
      000178 12r00r00         [24]  339 	lcall	__gptrget
      00017B FA               [12]  340 	mov	r2,a
      00017C 8A*00            [24]  341 	mov	_LCD_Data_io,r2
                                    342 ;	../HAL/LCD16X2.c:43: GPIO_Write(&LCD_Data_io, GPIO_HIGH);
      00017E 75*00 01         [24]  343 	mov	_GPIO_Write_PARM_2,#0x01
      000181 90r00r00         [24]  344 	mov	dptr,#_LCD_Data_io
      000184 75 F0 40         [24]  345 	mov	b,#0x40
      000187 12r00r00         [24]  346 	lcall	_GPIO_Write
                                    347 ;	../HAL/LCD16X2.c:44: delay_ms(1);
      00018A 90 00 01         [24]  348 	mov	dptr,#0x0001
      00018D 12r00r00         [24]  349 	lcall	_delay_ms
                                    350 ;	../HAL/LCD16X2.c:45: GPIO_Write(&LCD_Data_io, GPIO_LOW);
      000190 75*00 00         [24]  351 	mov	_GPIO_Write_PARM_2,#0x00
      000193 90r00r00         [24]  352 	mov	dptr,#_LCD_Data_io
      000196 75 F0 40         [24]  353 	mov	b,#0x40
                                    354 ;	../HAL/LCD16X2.c:46: }
      000199 02r00r00         [24]  355 	ljmp	_GPIO_Write
                                    356 ;------------------------------------------------------------
                                    357 ;Allocation info for local variables in function 'LCD_Write_Str'
                                    358 ;------------------------------------------------------------
                                    359 ;str                       Allocated with name '_LCD_Write_Str_PARM_2'
                                    360 ;config                    Allocated to registers r5 r6 r7 
                                    361 ;------------------------------------------------------------
                                    362 ;	../HAL/LCD16X2.c:48: void LCD_Write_Str(LCD_Config_t *config, unsigned char *str){
                                    363 ;	-----------------------------------------
                                    364 ;	 function LCD_Write_Str
                                    365 ;	-----------------------------------------
      00019C                        366 _LCD_Write_Str:
      00019C AD 82            [24]  367 	mov	r5,dpl
      00019E AE 83            [24]  368 	mov	r6,dph
      0001A0 AF F0            [24]  369 	mov	r7,b
                                    370 ;	../HAL/LCD16X2.c:49: while (*str)
      0001A2 AA*0B            [24]  371 	mov	r2,_LCD_Write_Str_PARM_2
      0001A4 AB*0C            [24]  372 	mov	r3,(_LCD_Write_Str_PARM_2 + 1)
      0001A6 AC*0D            [24]  373 	mov	r4,(_LCD_Write_Str_PARM_2 + 2)
      0001A8                        374 00101$:
      0001A8 8A 82            [24]  375 	mov	dpl,r2
      0001AA 8B 83            [24]  376 	mov	dph,r3
      0001AC 8C F0            [24]  377 	mov	b,r4
      0001AE 12r00r00         [24]  378 	lcall	__gptrget
      0001B1 F9               [12]  379 	mov	r1,a
      0001B2 60 2A            [24]  380 	jz	00104$
                                    381 ;	../HAL/LCD16X2.c:51: Send_Data(config,*str);
      0001B4 89*07            [24]  382 	mov	_Send_Data_PARM_2,r1
      0001B6 8D 82            [24]  383 	mov	dpl,r5
      0001B8 8E 83            [24]  384 	mov	dph,r6
      0001BA 8F F0            [24]  385 	mov	b,r7
      0001BC C0 07            [24]  386 	push	ar7
      0001BE C0 06            [24]  387 	push	ar6
      0001C0 C0 05            [24]  388 	push	ar5
      0001C2 C0 04            [24]  389 	push	ar4
      0001C4 C0 03            [24]  390 	push	ar3
      0001C6 C0 02            [24]  391 	push	ar2
      0001C8 12r00rCE         [24]  392 	lcall	_Send_Data
      0001CB D0 02            [24]  393 	pop	ar2
      0001CD D0 03            [24]  394 	pop	ar3
      0001CF D0 04            [24]  395 	pop	ar4
      0001D1 D0 05            [24]  396 	pop	ar5
      0001D3 D0 06            [24]  397 	pop	ar6
      0001D5 D0 07            [24]  398 	pop	ar7
                                    399 ;	../HAL/LCD16X2.c:52: str++;
      0001D7 0A               [12]  400 	inc	r2
      0001D8 BA 00 CD         [24]  401 	cjne	r2,#0x00,00101$
      0001DB 0B               [12]  402 	inc	r3
      0001DC 80 CA            [24]  403 	sjmp	00101$
      0001DE                        404 00104$:
                                    405 ;	../HAL/LCD16X2.c:55: }
      0001DE 22               [24]  406 	ret
                                    407 ;------------------------------------------------------------
                                    408 ;Allocation info for local variables in function 'LCD_Init'
                                    409 ;------------------------------------------------------------
                                    410 ;config                    Allocated to registers r5 r6 r7 
                                    411 ;------------------------------------------------------------
                                    412 ;	../HAL/LCD16X2.c:57: void LCD_Init(LCD_Config_t *config){
                                    413 ;	-----------------------------------------
                                    414 ;	 function LCD_Init
                                    415 ;	-----------------------------------------
      0001DF                        416 _LCD_Init:
                                    417 ;	../HAL/LCD16X2.c:58: LCD_Data_io.Port = config->Data_Port;
      0001DF AD 82            [24]  418 	mov	r5,dpl
      0001E1 AE 83            [24]  419 	mov	r6,dph
      0001E3 AF F0            [24]  420 	mov	r7,b
      0001E5 12r00r00         [24]  421 	lcall	__gptrget
      0001E8 FC               [12]  422 	mov	r4,a
      0001E9 8C*00            [24]  423 	mov	_LCD_Data_io,r4
                                    424 ;	../HAL/LCD16X2.c:59: LCD_Data_io.Mode = GPIO_OUTPUT;
      0001EB 75*02 00         [24]  425 	mov	(_LCD_Data_io + 0x0002),#0x00
                                    426 ;	../HAL/LCD16X2.c:61: Send_Command(config, 0x38);
      0001EE 75*03 38         [24]  427 	mov	_Send_Command_PARM_2,#0x38
      0001F1 8D 82            [24]  428 	mov	dpl,r5
      0001F3 8E 83            [24]  429 	mov	dph,r6
      0001F5 8F F0            [24]  430 	mov	b,r7
      0001F7 C0 07            [24]  431 	push	ar7
      0001F9 C0 06            [24]  432 	push	ar6
      0001FB C0 05            [24]  433 	push	ar5
      0001FD 12r00r00         [24]  434 	lcall	_Send_Command
      000200 D0 05            [24]  435 	pop	ar5
      000202 D0 06            [24]  436 	pop	ar6
      000204 D0 07            [24]  437 	pop	ar7
                                    438 ;	../HAL/LCD16X2.c:62: Send_Command(config, 0x0C);
      000206 75*03 0C         [24]  439 	mov	_Send_Command_PARM_2,#0x0c
      000209 8D 82            [24]  440 	mov	dpl,r5
      00020B 8E 83            [24]  441 	mov	dph,r6
      00020D 8F F0            [24]  442 	mov	b,r7
      00020F C0 07            [24]  443 	push	ar7
      000211 C0 06            [24]  444 	push	ar6
      000213 C0 05            [24]  445 	push	ar5
      000215 12r00r00         [24]  446 	lcall	_Send_Command
      000218 D0 05            [24]  447 	pop	ar5
      00021A D0 06            [24]  448 	pop	ar6
      00021C D0 07            [24]  449 	pop	ar7
                                    450 ;	../HAL/LCD16X2.c:63: Send_Command(config, 0x01);
      00021E 75*03 01         [24]  451 	mov	_Send_Command_PARM_2,#0x01
      000221 8D 82            [24]  452 	mov	dpl,r5
      000223 8E 83            [24]  453 	mov	dph,r6
      000225 8F F0            [24]  454 	mov	b,r7
      000227 C0 07            [24]  455 	push	ar7
      000229 C0 06            [24]  456 	push	ar6
      00022B C0 05            [24]  457 	push	ar5
      00022D 12r00r00         [24]  458 	lcall	_Send_Command
      000230 D0 05            [24]  459 	pop	ar5
      000232 D0 06            [24]  460 	pop	ar6
      000234 D0 07            [24]  461 	pop	ar7
                                    462 ;	../HAL/LCD16X2.c:64: Send_Command(config, 0x06);
      000236 75*03 06         [24]  463 	mov	_Send_Command_PARM_2,#0x06
      000239 8D 82            [24]  464 	mov	dpl,r5
      00023B 8E 83            [24]  465 	mov	dph,r6
      00023D 8F F0            [24]  466 	mov	b,r7
                                    467 ;	../HAL/LCD16X2.c:67: }
      00023F 02r00r00         [24]  468 	ljmp	_Send_Command
                                    469 	.area CSEG    (CODE)
                                    470 	.area CONST   (CODE)
                                    471 	.area XINIT   (CODE)
                                    472 	.area CABS    (ABS,CODE)
